<?xml version="1.0" encoding="UTF-8"?>
<testsuite name="com.example.project.TestWordPair" tests="2" skipped="0" failures="0" errors="0" timestamp="2025-02-14T01:38:20" hostname="codespaces-7dd1df" time="0.173">
  <properties/>
  <testcase name="testPARTA()" classname="com.example.project.TestWordPair" time="0.132"/>
  <testcase name="testPARTB()" classname="com.example.project.TestWordPair" time="0.009"/>
  <system-out><![CDATA[]]></system-out>
  <system-err><![CDATA[]]></system-err>
</testsuite>
