<?xml version="1.0" encoding="UTF-8"?>
<testsuite name="com.example.project.TestUtility" tests="1" skipped="0" failures="0" errors="0" timestamp="2025-02-14T01:38:19" hostname="codespaces-7dd1df" time="0.343">
  <properties/>
  <testcase name="testSort()" classname="com.example.project.TestUtility" time="0.343"/>
  <system-out><![CDATA[[Marie Angelina: 96.5, Abby Smith: 96.7, Michelle Jones: 98.1, Jack Clancy: 97.3, Brittany Jones: 95.5, Lisa Frank: 92.4, Chase Bean: 95.2, Peter Frank: 97.9, Lisa Frank: 99.5, Dean Jones: 93.2]
[Marie Angelina: 96.5, Chase Bean: 95.2, Abby Smith: 96.7, Michelle Jones: 98.1, Brittany Jones: 95.5, Lisa Frank: 92.4, Jack Clancy: 97.3, Peter Frank: 97.9, Lisa Frank: 99.5, Dean Jones: 93.2]
[Marie Angelina: 96.5, Chase Bean: 95.2, Jack Clancy: 97.3, Abby Smith: 96.7, Michelle Jones: 98.1, Brittany Jones: 95.5, Lisa Frank: 92.4, Peter Frank: 97.9, Lisa Frank: 99.5, Dean Jones: 93.2]
[Marie Angelina: 96.5, Chase Bean: 95.2, Jack Clancy: 97.3, Lisa Frank: 99.5, Abby Smith: 96.7, Michelle Jones: 98.1, Brittany Jones: 95.5, Peter Frank: 97.9, Lisa Frank: 92.4, Dean Jones: 93.2]
[Marie Angelina: 96.5, Chase Bean: 95.2, Jack Clancy: 97.3, Lisa Frank: 99.5, Lisa Frank: 92.4, Abby Smith: 96.7, Michelle Jones: 98.1, Brittany Jones: 95.5, Peter Frank: 97.9, Dean Jones: 93.2]
[Marie Angelina: 96.5, Chase Bean: 95.2, Jack Clancy: 97.3, Lisa Frank: 99.5, Lisa Frank: 92.4, Peter Frank: 97.9, Abby Smith: 96.7, Michelle Jones: 98.1, Brittany Jones: 95.5, Dean Jones: 93.2]
[Marie Angelina: 96.5, Chase Bean: 95.2, Jack Clancy: 97.3, Lisa Frank: 99.5, Lisa Frank: 92.4, Peter Frank: 97.9, Brittany Jones: 95.5, Abby Smith: 96.7, Michelle Jones: 98.1, Dean Jones: 93.2]
[Marie Angelina: 96.5, Chase Bean: 95.2, Jack Clancy: 97.3, Lisa Frank: 99.5, Lisa Frank: 92.4, Peter Frank: 97.9, Brittany Jones: 95.5, Dean Jones: 93.2, Abby Smith: 96.7, Michelle Jones: 98.1]
[Marie Angelina: 96.5, Chase Bean: 95.2, Jack Clancy: 97.3, Lisa Frank: 99.5, Lisa Frank: 92.4, Peter Frank: 97.9, Brittany Jones: 95.5, Dean Jones: 93.2, Michelle Jones: 98.1, Abby Smith: 96.7]
]]></system-out>
  <system-err><![CDATA[]]></system-err>
</testsuite>
