<?xml version="1.0" encoding="UTF-8"?>
<testsuite name="com.example.project.TestDelimiter" tests="2" skipped="0" failures="0" errors="0" timestamp="2025-02-14T01:38:19" hostname="codespaces-7dd1df" time="0.034">
  <properties/>
  <testcase name="testGetDelimiterListPARTA()" classname="com.example.project.TestDelimiter" time="0.016"/>
  <testcase name="testIsBalanced()" classname="com.example.project.TestDelimiter" time="0.01"/>
  <system-out><![CDATA[]]></system-out>
  <system-err><![CDATA[]]></system-err>
</testsuite>
